#
# There is insufficient memory for the Java Runtime Environment to continue.
# Native memory allocation (malloc) failed to allocate 336016 bytes for Chunk::new
# Possible reasons:
#   The system is out of physical RAM or swap space
#   The process is running with CompressedOops enabled, and the Java Heap may be blocking the growth of the native heap
# Possible solutions:
#   Reduce memory load on the system
#   Increase physical memory or swap space
#   Check if swap backing store is full
#   Decrease Java heap size (-Xmx/-Xms)
#   Decrease number of Java threads
#   Decrease Java thread stack sizes (-Xss)
#   Set larger code cache with -XX:ReservedCodeCacheSize=
#   JVM is running with Unscaled Compressed Oops mode in which the Java heap is
#     placed in the first 4GB address space. The Java Heap base address is the
#     maximum limit for the native heap growth. Please use -XX:HeapBaseMinAddress
#     to set the Java Heap base and to place the Java Heap above 4GB virtual address.
# This output file may be truncated or incomplete.
#
#  Out of Memory Error (./src/hotspot/share/memory/arena.cpp:197), pid=6152, tid=2352
#
# JRE version: OpenJDK Runtime Environment (11.0.10) (build 11.0.10+0-b96-7249189)
# Java VM: OpenJDK 64-Bit Server VM (11.0.10+0-b96-7249189, mixed mode, tiered, compressed oops, g1 gc, windows-amd64)
# No core dump will be written. Minidumps are not enabled by default on client versions of Windows
#

---------------  S U M M A R Y ------------

Command Line: --add-opens=java.base/java.util=ALL-UNNAMED --add-opens=java.base/java.lang=ALL-UNNAMED --add-opens=java.base/java.lang.invoke=ALL-UNNAMED --add-opens=java.prefs/java.util.prefs=ALL-UNNAMED -Xmx1536M -Dfile.encoding=windows-1252 -Duser.country=US -Duser.language=en -Duser.variant org.gradle.launcher.daemon.bootstrap.GradleDaemon 6.7

Host: Intel(R) Core(TM) i7-7500U CPU @ 2.70GHz, 4 cores, 7G,  Windows 10 , 64 bit Build 19041 (10.0.19041.1503)
Time: Thu Mar  3 11:25:37 2022 Egypt Standard Time elapsed time: 58.417080 seconds (0d 0h 0m 58s)

---------------  T H R E A D  ---------------

Current thread (0x000001867fe8a800):  JavaThread "C2 CompilerThread0" daemon [_thread_in_native, id=2352, stack(0x000000838e800000,0x000000838e900000)]


Current CompileTask:
C2:  58417 10103       4       org.gradle.internal.logging.text.AbstractLineChoppingStyledTextOutput::doAppend (43 bytes)

Stack: [0x000000838e800000,0x000000838e900000]
Native frames: (J=compiled Java code, j=interpreted, Vv=VM code, C=native code)
V  [jvm.dll+0x5ecfaa]
V  [jvm.dll+0x722bd5]
V  [jvm.dll+0x72412d]
V  [jvm.dll+0x7247e3]
V  [jvm.dll+0x242928]
V  [jvm.dll+0xbc4fc]
V  [jvm.dll+0xbca0c]
V  [jvm.dll+0x352d3b]
V  [jvm.dll+0x320ad3]
V  [jvm.dll+0x31ffca]
V  [jvm.dll+0x1fb602]
V  [jvm.dll+0x1fa7f4]
V  [jvm.dll+0x18354c]
V  [jvm.dll+0x208ee7]
V  [jvm.dll+0x207731]
V  [jvm.dll+0x6eb1cf]
V  [jvm.dll+0x6e3d45]
V  [jvm.dll+0x5ebe96]
C  [ucrtbase.dll+0x21bb2]
C  [KERNEL32.DLL+0x17034]
C  [ntdll.dll+0x52651]


---------------  P R O C E S S  ---------------

Threads class SMR info:
_java_thread_list=0x000001860f6e34b0, length=160, elements={
0x000001866a5db000, 0x000001867fe58800, 0x000001867fe5a000, 0x000001867fe77800,
0x000001867fe7b800, 0x000001867fe7d000, 0x000001867fe8a800, 0x000001867fe8f000,
0x000001867fe90000, 0x000001860418b000, 0x0000018605956800, 0x0000018605641800,
0x00000186050a2000, 0x00000186056ea800, 0x00000186056eb000, 0x000001860563f000,
0x000001860563f800, 0x00000186059d1000, 0x0000018605b14000, 0x0000018605ae7000,
0x0000018605ae6800, 0x0000018605ae8000, 0x0000018605ae9000, 0x0000018605ae3000,
0x0000018605ae9800, 0x0000018605ae4000, 0x0000018605ae4800, 0x0000018605ae5800,
0x0000018606106000, 0x0000018606109800, 0x0000018606107000, 0x000001860610a800,
0x0000018606108800, 0x0000018606104800, 0x0000018606110000, 0x000001860610d000,
0x000001860610c000, 0x0000018606111000, 0x000001860610f000, 0x000001860610d800,
0x000001860610e800, 0x000001860610b000, 0x0000018606111800, 0x0000018606112800,
0x0000018606113800, 0x00000186068ee000, 0x00000186068eb800, 0x00000186068f0800,
0x00000186068f1000, 0x00000186068ec800, 0x00000186068f2000, 0x00000186068f3000,
0x00000186068ee800, 0x00000186068ed000, 0x00000186068f4800, 0x00000186068f3800,
0x00000186068f5000, 0x00000186068ef800, 0x00000186068f7000, 0x00000186068f9800,
0x00000186068f6000, 0x00000186068f8800, 0x00000186068fa000, 0x00000186068f7800,
0x00000186082c3000, 0x00000186082c2800, 0x00000186082c1800, 0x00000186082c0000,
0x00000186082c6800, 0x00000186082c4000, 0x00000186082c0800, 0x00000186082c7000,
0x00000186082c8000, 0x00000186082c9000, 0x00000186082c9800, 0x00000186082ca800,
0x00000186082c5000, 0x00000186082cb800, 0x00000186082c5800, 0x00000186082cd000,
0x00000186082cc000, 0x00000186082ce000, 0x00000186082ce800, 0x0000018608ab7000,
0x0000018608abb000, 0x0000018608ab8800, 0x0000018608abc000, 0x0000018608ab6000,
0x0000018608abd800, 0x0000018608ab8000, 0x0000018608abc800, 0x0000018608abe800,
0x0000018608abf000, 0x0000018608ab9800, 0x0000018608ac0000, 0x0000018608aba800,
0x0000018608ac3000, 0x0000018608ac4000, 0x0000018608ac1800, 0x0000018608ac5000,
0x0000018608ac1000, 0x0000018608ac2800, 0x000001860895a800, 0x000001860895b800,
0x0000018608959800, 0x000001860895c000, 0x000001860895d000, 0x0000018608957800,
0x000001860895e000, 0x0000018608958000, 0x000001860895e800, 0x0000018608959000,
0x0000018608965000, 0x0000018608963800, 0x0000018608962800, 0x0000018608964800,
0x0000018608962000, 0x000001860895f800, 0x0000018608966000, 0x0000018608960800,
0x0000018608961000, 0x0000018604e5c000, 0x0000018604e60000, 0x0000018604e5f000,
0x0000018604e5e800, 0x0000018604e61000, 0x0000018604e5c800, 0x0000018604e5b000,
0x0000018604e61800, 0x0000018604e62800, 0x0000018604e63800, 0x0000018604e5d800,
0x0000018604e68000, 0x0000018604e65000, 0x0000018604e69000, 0x0000018604e65800,
0x0000018604e66800, 0x0000018604e6a000, 0x0000018604e67800, 0x0000018604e64000,
0x0000018604375000, 0x0000018604375800, 0x0000018604374000, 0x0000018604377800,
0x0000018604372800, 0x0000018604376800, 0x0000018604371800, 0x0000018604378000,
0x0000018604373800, 0x000001860437d000, 0x000001860437e000, 0x000001860437a800,
0x000001860437e800, 0x000001860437f800, 0x000001860437a000, 0x000001860437b800,
0x000001860437c800, 0x0000018604380800, 0x000001860affe000, 0x000001860affb000
}

Java Threads: ( => current thread )
  0x000001866a5db000 JavaThread "main" [_thread_blocked, id=5112, stack(0x000000838dc00000,0x000000838dd00000)]
  0x000001867fe58800 JavaThread "Reference Handler" daemon [_thread_blocked, id=2160, stack(0x000000838e300000,0x000000838e400000)]
  0x000001867fe5a000 JavaThread "Finalizer" daemon [_thread_blocked, id=11784, stack(0x000000838e400000,0x000000838e500000)]
  0x000001867fe77800 JavaThread "Signal Dispatcher" daemon [_thread_blocked, id=4768, stack(0x000000838e500000,0x000000838e600000)]
  0x000001867fe7b800 JavaThread "Attach Listener" daemon [_thread_blocked, id=3472, stack(0x000000838e600000,0x000000838e700000)]
  0x000001867fe7d000 JavaThread "Service Thread" daemon [_thread_blocked, id=11252, stack(0x000000838e700000,0x000000838e800000)]
=>0x000001867fe8a800 JavaThread "C2 CompilerThread0" daemon [_thread_in_native, id=2352, stack(0x000000838e800000,0x000000838e900000)]
  0x000001867fe8f000 JavaThread "C1 CompilerThread0" daemon [_thread_blocked, id=11488, stack(0x000000838e900000,0x000000838ea00000)]
  0x000001867fe90000 JavaThread "Sweeper thread" daemon [_thread_blocked, id=7960, stack(0x000000838ea00000,0x000000838eb00000)]
  0x000001860418b000 JavaThread "Common-Cleaner" daemon [_thread_blocked, id=3692, stack(0x000000838eb00000,0x000000838ec00000)]
  0x0000018605956800 JavaThread "Daemon health stats" [_thread_blocked, id=2212, stack(0x000000838ef00000,0x000000838f000000)]
  0x0000018605641800 JavaThread "Incoming local TCP Connector on port 50956" [_thread_in_native, id=11348, stack(0x000000838f200000,0x000000838f300000)]
  0x00000186050a2000 JavaThread "Daemon periodic checks" [_thread_blocked, id=1744, stack(0x000000838f300000,0x000000838f400000)]
  0x00000186056ea800 JavaThread "Daemon" [_thread_blocked, id=10084, stack(0x000000838f400000,0x000000838f500000)]
  0x00000186056eb000 JavaThread "Handler for socket connection from /127.0.0.1:50956 to /127.0.0.1:50957" [_thread_in_native, id=7456, stack(0x000000838f500000,0x000000838f600000)]
  0x000001860563f000 JavaThread "Cancel handler" [_thread_blocked, id=11684, stack(0x000000838f600000,0x000000838f700000)]
  0x000001860563f800 JavaThread "Daemon worker" [_thread_blocked, id=8112, stack(0x000000838f700000,0x000000838f800000)]
  0x00000186059d1000 JavaThread "Asynchronous log dispatcher for DefaultDaemonConnection: socket connection from /127.0.0.1:50956 to /127.0.0.1:50957" [_thread_blocked, id=2648, stack(0x000000838f800000,0x000000838f900000)]
  0x0000018605b14000 JavaThread "Stdin handler" [_thread_blocked, id=9420, stack(0x000000838f900000,0x000000838fa00000)]
  0x0000018605ae7000 JavaThread "Thread-8" [_thread_blocked, id=9580, stack(0x000000838fa00000,0x000000838fb00000)]
  0x0000018605ae6800 JavaThread "Cache worker for file hash cache (C:\Users\elgen\.gradle\caches\6.7\fileHashes)" [_thread_blocked, id=9964, stack(0x000000838fc00000,0x000000838fd00000)]
  0x0000018605ae8000 JavaThread "File lock request listener" [_thread_in_native, id=9148, stack(0x000000838fd00000,0x000000838fe00000)]
  0x0000018605ae9000 JavaThread "Cache worker for journal cache (C:\Users\elgen\.gradle\caches\journal-1)" [_thread_blocked, id=2540, stack(0x000000838fe00000,0x000000838ff00000)]
  0x0000018605ae3000 JavaThread "Cache worker for file hash cache (E:\client_application\android\.gradle\6.7\fileHashes)" [_thread_blocked, id=7384, stack(0x000000838ff00000,0x0000008390000000)]
  0x0000018605ae9800 JavaThread "Cache worker for checksums cache (E:\client_application\android\.gradle\checksums)" [_thread_blocked, id=11984, stack(0x0000008390000000,0x0000008390100000)]
  0x0000018605ae4000 JavaThread "Cache worker for cache directory md-supplier (C:\Users\elgen\.gradle\caches\6.7\md-supplier)" [_thread_blocked, id=3716, stack(0x0000008390100000,0x0000008390200000)]
  0x0000018605ae4800 JavaThread "Cache worker for cache directory md-rule (C:\Users\elgen\.gradle\caches\6.7\md-rule)" [_thread_blocked, id=1072, stack(0x0000008390200000,0x0000008390300000)]
  0x0000018605ae5800 JavaThread "Cache worker for execution history cache (C:\Users\elgen\.gradle\caches\6.7\executionHistory)" [_thread_blocked, id=4028, stack(0x0000008390300000,0x0000008390400000)]
  0x0000018606106000 JavaThread "jar transforms" [_thread_blocked, id=10060, stack(0x0000008390400000,0x0000008390500000)]
  0x0000018606109800 JavaThread "Cache worker for file content cache (C:\Users\elgen\.gradle\caches\6.7\fileContent)" [_thread_blocked, id=5636, stack(0x0000008390500000,0x0000008390600000)]
  0x0000018606107000 JavaThread "Cache worker for Build Output Cleanup Cache (E:\client_application\android\.gradle\buildOutputCleanup)" [_thread_blocked, id=7072, stack(0x0000008390600000,0x0000008390700000)]
  0x000001860610a800 JavaThread "Build operations" [_thread_blocked, id=11632, stack(0x0000008390700000,0x0000008390800000)]
  0x0000018606108800 JavaThread "Build operations Thread 2" [_thread_blocked, id=11712, stack(0x0000008390800000,0x0000008390900000)]
  0x0000018606104800 JavaThread "Build operations Thread 3" [_thread_blocked, id=6984, stack(0x0000008390900000,0x0000008390a00000)]
  0x0000018606110000 JavaThread "Build operations Thread 4" [_thread_blocked, id=12104, stack(0x0000008390a00000,0x0000008390b00000)]
  0x000001860610d000 JavaThread "jar transforms Thread 2" [_thread_blocked, id=2904, stack(0x0000008390b00000,0x0000008390c00000)]
  0x000001860610c000 JavaThread "jar transforms Thread 3" [_thread_blocked, id=5460, stack(0x0000008390c00000,0x0000008390d00000)]
  0x0000018606111000 JavaThread "jar transforms Thread 4" [_thread_blocked, id=12032, stack(0x0000008390d00000,0x0000008390e00000)]
  0x000001860610f000 JavaThread "jar transforms Thread 5" [_thread_blocked, id=1808, stack(0x0000008390e00000,0x0000008390f00000)]
  0x000001860610d800 JavaThread "jar transforms Thread 6" [_thread_blocked, id=8876, stack(0x0000008390f00000,0x0000008391000000)]
  0x000001860610e800 JavaThread "jar transforms Thread 7" [_thread_blocked, id=7024, stack(0x0000008391000000,0x0000008391100000)]
  0x000001860610b000 JavaThread "jar transforms Thread 8" [_thread_blocked, id=5536, stack(0x0000008391100000,0x0000008391200000)]
  0x0000018606111800 JavaThread "jar transforms Thread 9" [_thread_blocked, id=11704, stack(0x0000008391200000,0x0000008391300000)]
  0x0000018606112800 JavaThread "jar transforms Thread 10" [_thread_blocked, id=5360, stack(0x0000008391300000,0x0000008391400000)]
  0x0000018606113800 JavaThread "jar transforms Thread 11" [_thread_blocked, id=3096, stack(0x0000008391400000,0x0000008391500000)]
  0x00000186068ee000 JavaThread "jar transforms Thread 12" [_thread_blocked, id=2320, stack(0x0000008391500000,0x0000008391600000)]
  0x00000186068eb800 JavaThread "jar transforms Thread 13" [_thread_blocked, id=9240, stack(0x0000008391600000,0x0000008391700000)]
  0x00000186068f0800 JavaThread "jar transforms Thread 14" [_thread_blocked, id=7648, stack(0x0000008391700000,0x0000008391800000)]
  0x00000186068f1000 JavaThread "jar transforms Thread 15" [_thread_blocked, id=10612, stack(0x0000008391800000,0x0000008391900000)]
  0x00000186068ec800 JavaThread "jar transforms Thread 16" [_thread_blocked, id=8260, stack(0x0000008391900000,0x0000008391a00000)]
  0x00000186068f2000 JavaThread "jar transforms Thread 17" [_thread_blocked, id=188, stack(0x0000008391a00000,0x0000008391b00000)]
  0x00000186068f3000 JavaThread "jar transforms Thread 18" [_thread_blocked, id=3196, stack(0x0000008391b00000,0x0000008391c00000)]
  0x00000186068ee800 JavaThread "jar transforms Thread 19" [_thread_blocked, id=8908, stack(0x0000008391c00000,0x0000008391d00000)]
  0x00000186068ed000 JavaThread "jar transforms Thread 20" [_thread_blocked, id=10376, stack(0x0000008391d00000,0x0000008391e00000)]
  0x00000186068f4800 JavaThread "jar transforms Thread 21" [_thread_blocked, id=10360, stack(0x0000008391e00000,0x0000008391f00000)]
  0x00000186068f3800 JavaThread "jar transforms Thread 22" [_thread_blocked, id=12024, stack(0x0000008391f00000,0x0000008392000000)]
  0x00000186068f5000 JavaThread "jar transforms Thread 23" [_thread_blocked, id=9228, stack(0x0000008392000000,0x0000008392100000)]
  0x00000186068ef800 JavaThread "jar transforms Thread 24" [_thread_blocked, id=9808, stack(0x0000008392100000,0x0000008392200000)]
  0x00000186068f7000 JavaThread "jar transforms Thread 25" [_thread_blocked, id=10128, stack(0x0000008392200000,0x0000008392300000)]
  0x00000186068f9800 JavaThread "jar transforms Thread 26" [_thread_blocked, id=8720, stack(0x0000008392300000,0x0000008392400000)]
  0x00000186068f6000 JavaThread "jar transforms Thread 27" [_thread_blocked, id=10232, stack(0x0000008392400000,0x0000008392500000)]
  0x00000186068f8800 JavaThread "jar transforms Thread 28" [_thread_blocked, id=5860, stack(0x0000008392500000,0x0000008392600000)]
  0x00000186068fa000 JavaThread "jar transforms Thread 29" [_thread_blocked, id=5220, stack(0x0000008392600000,0x0000008392700000)]
  0x00000186068f7800 JavaThread "jar transforms Thread 30" [_thread_blocked, id=5204, stack(0x0000008392700000,0x0000008392800000)]
  0x00000186082c3000 JavaThread "jar transforms Thread 31" [_thread_blocked, id=8412, stack(0x0000008392800000,0x0000008392900000)]
  0x00000186082c2800 JavaThread "jar transforms Thread 32" [_thread_blocked, id=9400, stack(0x0000008392900000,0x0000008392a00000)]
  0x00000186082c1800 JavaThread "jar transforms Thread 33" [_thread_blocked, id=6868, stack(0x0000008392a00000,0x0000008392b00000)]
  0x00000186082c0000 JavaThread "jar transforms Thread 34" [_thread_blocked, id=5356, stack(0x0000008392b00000,0x0000008392c00000)]
  0x00000186082c6800 JavaThread "jar transforms Thread 35" [_thread_blocked, id=9440, stack(0x0000008392c00000,0x0000008392d00000)]
  0x00000186082c4000 JavaThread "jar transforms Thread 36" [_thread_blocked, id=11828, stack(0x0000008392d00000,0x0000008392e00000)]
  0x00000186082c0800 JavaThread "jar transforms Thread 37" [_thread_blocked, id=6164, stack(0x0000008392e00000,0x0000008392f00000)]
  0x00000186082c7000 JavaThread "jar transforms Thread 38" [_thread_blocked, id=2836, stack(0x0000008392f00000,0x0000008393000000)]
  0x00000186082c8000 JavaThread "jar transforms Thread 39" [_thread_blocked, id=10832, stack(0x0000008393000000,0x0000008393100000)]
  0x00000186082c9000 JavaThread "jar transforms Thread 40" [_thread_blocked, id=8276, stack(0x0000008393100000,0x0000008393200000)]
  0x00000186082c9800 JavaThread "jar transforms Thread 41" [_thread_blocked, id=8032, stack(0x0000008393200000,0x0000008393300000)]
  0x00000186082ca800 JavaThread "jar transforms Thread 42" [_thread_blocked, id=4936, stack(0x0000008393300000,0x0000008393400000)]
  0x00000186082c5000 JavaThread "jar transforms Thread 43" [_thread_blocked, id=11988, stack(0x0000008393400000,0x0000008393500000)]
  0x00000186082cb800 JavaThread "jar transforms Thread 44" [_thread_blocked, id=4216, stack(0x0000008393500000,0x0000008393600000)]
  0x00000186082c5800 JavaThread "jar transforms Thread 45" [_thread_blocked, id=8492, stack(0x0000008393600000,0x0000008393700000)]
  0x00000186082cd000 JavaThread "jar transforms Thread 46" [_thread_blocked, id=11360, stack(0x0000008393700000,0x0000008393800000)]
  0x00000186082cc000 JavaThread "jar transforms Thread 47" [_thread_blocked, id=7036, stack(0x0000008393800000,0x0000008393900000)]
  0x00000186082ce000 JavaThread "jar transforms Thread 48" [_thread_blocked, id=9792, stack(0x0000008393900000,0x0000008393a00000)]
  0x00000186082ce800 JavaThread "jar transforms Thread 49" [_thread_blocked, id=5364, stack(0x0000008393a00000,0x0000008393b00000)]
  0x0000018608ab7000 JavaThread "jar transforms Thread 50" [_thread_blocked, id=2816, stack(0x0000008393b00000,0x0000008393c00000)]
  0x0000018608abb000 JavaThread "jar transforms Thread 51" [_thread_blocked, id=4932, stack(0x0000008393c00000,0x0000008393d00000)]
  0x0000018608ab8800 JavaThread "jar transforms Thread 52" [_thread_blocked, id=11184, stack(0x0000008393d00000,0x0000008393e00000)]
  0x0000018608abc000 JavaThread "jar transforms Thread 53" [_thread_blocked, id=3260, stack(0x0000008393e00000,0x0000008393f00000)]
  0x0000018608ab6000 JavaThread "jar transforms Thread 54" [_thread_blocked, id=2020, stack(0x0000008393f00000,0x0000008394000000)]
  0x0000018608abd800 JavaThread "jar transforms Thread 55" [_thread_blocked, id=11836, stack(0x0000008394000000,0x0000008394100000)]
  0x0000018608ab8000 JavaThread "jar transforms Thread 56" [_thread_blocked, id=7680, stack(0x0000008394100000,0x0000008394200000)]
  0x0000018608abc800 JavaThread "jar transforms Thread 57" [_thread_blocked, id=9268, stack(0x0000008394200000,0x0000008394300000)]
  0x0000018608abe800 JavaThread "jar transforms Thread 58" [_thread_blocked, id=11736, stack(0x0000008394300000,0x0000008394400000)]
  0x0000018608abf000 JavaThread "jar transforms Thread 59" [_thread_blocked, id=948, stack(0x0000008394400000,0x0000008394500000)]
  0x0000018608ab9800 JavaThread "jar transforms Thread 60" [_thread_blocked, id=3604, stack(0x0000008394500000,0x0000008394600000)]
  0x0000018608ac0000 JavaThread "jar transforms Thread 61" [_thread_blocked, id=11740, stack(0x0000008394600000,0x0000008394700000)]
  0x0000018608aba800 JavaThread "jar transforms Thread 62" [_thread_blocked, id=3108, stack(0x0000008394700000,0x0000008394800000)]
  0x0000018608ac3000 JavaThread "jar transforms Thread 63" [_thread_blocked, id=7972, stack(0x0000008394800000,0x0000008394900000)]
  0x0000018608ac4000 JavaThread "jar transforms Thread 64" [_thread_blocked, id=5224, stack(0x0000008394900000,0x0000008394a00000)]
  0x0000018608ac1800 JavaThread "jar transforms Thread 65" [_thread_blocked, id=4300, stack(0x0000008394a00000,0x0000008394b00000)]
  0x0000018608ac5000 JavaThread "jar transforms Thread 66" [_thread_blocked, id=7984, stack(0x0000008394b00000,0x0000008394c00000)]
  0x0000018608ac1000 JavaThread "jar transforms Thread 67" [_thread_blocked, id=4212, stack(0x0000008394c00000,0x0000008394d00000)]
  0x0000018608ac2800 JavaThread "jar transforms Thread 68" [_thread_blocked, id=7992, stack(0x0000008394d00000,0x0000008394e00000)]
  0x000001860895a800 JavaThread "jar transforms Thread 69" [_thread_blocked, id=6176, stack(0x0000008394e00000,0x0000008394f00000)]
  0x000001860895b800 JavaThread "jar transforms Thread 70" [_thread_blocked, id=5980, stack(0x0000008394f00000,0x0000008395000000)]
  0x0000018608959800 JavaThread "jar transforms Thread 71" [_thread_blocked, id=8156, stack(0x0000008395000000,0x0000008395100000)]
  0x000001860895c000 JavaThread "jar transforms Thread 72" [_thread_blocked, id=6924, stack(0x0000008395100000,0x0000008395200000)]
  0x000001860895d000 JavaThread "jar transforms Thread 73" [_thread_blocked, id=2576, stack(0x0000008395200000,0x0000008395300000)]
  0x0000018608957800 JavaThread "jar transforms Thread 74" [_thread_blocked, id=6860, stack(0x0000008395300000,0x0000008395400000)]
  0x000001860895e000 JavaThread "jar transforms Thread 75" [_thread_blocked, id=3736, stack(0x0000008395400000,0x0000008395500000)]
  0x0000018608958000 JavaThread "jar transforms Thread 76" [_thread_blocked, id=3264, stack(0x0000008395500000,0x0000008395600000)]
  0x000001860895e800 JavaThread "jar transforms Thread 77" [_thread_blocked, id=3628, stack(0x0000008395600000,0x0000008395700000)]
  0x0000018608959000 JavaThread "jar transforms Thread 78" [_thread_blocked, id=11216, stack(0x0000008395700000,0x0000008395800000)]
  0x0000018608965000 JavaThread "jar transforms Thread 79" [_thread_blocked, id=8592, stack(0x0000008395800000,0x0000008395900000)]
  0x0000018608963800 JavaThread "jar transforms Thread 80" [_thread_blocked, id=8864, stack(0x0000008395900000,0x0000008395a00000)]
  0x0000018608962800 JavaThread "jar transforms Thread 81" [_thread_blocked, id=7860, stack(0x0000008395a00000,0x0000008395b00000)]
  0x0000018608964800 JavaThread "jar transforms Thread 82" [_thread_blocked, id=10476, stack(0x0000008395b00000,0x0000008395c00000)]
  0x0000018608962000 JavaThread "jar transforms Thread 83" [_thread_blocked, id=11728, stack(0x0000008395c00000,0x0000008395d00000)]
  0x000001860895f800 JavaThread "jar transforms Thread 84" [_thread_blocked, id=3088, stack(0x0000008395d00000,0x0000008395e00000)]
  0x0000018608966000 JavaThread "jar transforms Thread 85" [_thread_blocked, id=9704, stack(0x0000008395e00000,0x0000008395f00000)]
  0x0000018608960800 JavaThread "jar transforms Thread 86" [_thread_blocked, id=11772, stack(0x0000008395f00000,0x0000008396000000)]
  0x0000018608961000 JavaThread "jar transforms Thread 87" [_thread_blocked, id=9692, stack(0x0000008396000000,0x0000008396100000)]
  0x0000018604e5c000 JavaThread "jar transforms Thread 88" [_thread_blocked, id=8304, stack(0x0000008396100000,0x0000008396200000)]
  0x0000018604e60000 JavaThread "jar transforms Thread 89" [_thread_blocked, id=3740, stack(0x0000008396200000,0x0000008396300000)]
  0x0000018604e5f000 JavaThread "jar transforms Thread 90" [_thread_blocked, id=2756, stack(0x0000008396300000,0x0000008396400000)]
  0x0000018604e5e800 JavaThread "jar transforms Thread 91" [_thread_blocked, id=10296, stack(0x0000008396400000,0x0000008396500000)]
  0x0000018604e61000 JavaThread "jar transforms Thread 92" [_thread_blocked, id=2120, stack(0x0000008396500000,0x0000008396600000)]
  0x0000018604e5c800 JavaThread "jar transforms Thread 93" [_thread_blocked, id=11436, stack(0x0000008396600000,0x0000008396700000)]
  0x0000018604e5b000 JavaThread "jar transforms Thread 94" [_thread_blocked, id=8656, stack(0x0000008396700000,0x0000008396800000)]
  0x0000018604e61800 JavaThread "jar transforms Thread 95" [_thread_blocked, id=3040, stack(0x0000008396800000,0x0000008396900000)]
  0x0000018604e62800 JavaThread "jar transforms Thread 96" [_thread_blocked, id=10648, stack(0x0000008396900000,0x0000008396a00000)]
  0x0000018604e63800 JavaThread "jar transforms Thread 97" [_thread_blocked, id=4832, stack(0x0000008396a00000,0x0000008396b00000)]
  0x0000018604e5d800 JavaThread "jar transforms Thread 98" [_thread_blocked, id=1096, stack(0x0000008396b00000,0x0000008396c00000)]
  0x0000018604e68000 JavaThread "jar transforms Thread 99" [_thread_blocked, id=8300, stack(0x0000008396c00000,0x0000008396d00000)]
  0x0000018604e65000 JavaThread "jar transforms Thread 100" [_thread_blocked, id=9076, stack(0x0000008396d00000,0x0000008396e00000)]
  0x0000018604e69000 JavaThread "jar transforms Thread 101" [_thread_blocked, id=7696, stack(0x0000008396e00000,0x0000008396f00000)]
  0x0000018604e65800 JavaThread "jar transforms Thread 102" [_thread_blocked, id=4060, stack(0x0000008396f00000,0x0000008397000000)]
  0x0000018604e66800 JavaThread "jar transforms Thread 103" [_thread_blocked, id=1992, stack(0x0000008397000000,0x0000008397100000)]
  0x0000018604e6a000 JavaThread "jar transforms Thread 104" [_thread_blocked, id=1352, stack(0x0000008397100000,0x0000008397200000)]
  0x0000018604e67800 JavaThread "jar transforms Thread 105" [_thread_blocked, id=2056, stack(0x0000008397200000,0x0000008397300000)]
  0x0000018604e64000 JavaThread "jar transforms Thread 106" [_thread_blocked, id=9872, stack(0x0000008397300000,0x0000008397400000)]
  0x0000018604375000 JavaThread "jar transforms Thread 107" [_thread_blocked, id=6468, stack(0x0000008397400000,0x0000008397500000)]
  0x0000018604375800 JavaThread "jar transforms Thread 108" [_thread_blocked, id=11580, stack(0x0000008397500000,0x0000008397600000)]
  0x0000018604374000 JavaThread "jar transforms Thread 109" [_thread_blocked, id=2068, stack(0x0000008397600000,0x0000008397700000)]
  0x0000018604377800 JavaThread "jar transforms Thread 110" [_thread_blocked, id=1612, stack(0x0000008397700000,0x0000008397800000)]
  0x0000018604372800 JavaThread "jar transforms Thread 111" [_thread_blocked, id=10472, stack(0x0000008397800000,0x0000008397900000)]
  0x0000018604376800 JavaThread "jar transforms Thread 112" [_thread_blocked, id=2100, stack(0x0000008397900000,0x0000008397a00000)]
  0x0000018604371800 JavaThread "jar transforms Thread 113" [_thread_blocked, id=4244, stack(0x0000008397a00000,0x0000008397b00000)]
  0x0000018604378000 JavaThread "Memory manager" [_thread_blocked, id=5420, stack(0x0000008397b00000,0x0000008397c00000)]
  0x0000018604373800 JavaThread "jar transforms Thread 114" [_thread_blocked, id=5768, stack(0x000000838d900000,0x000000838da00000)]
  0x000001860437d000 JavaThread "jar transforms Thread 115" [_thread_blocked, id=9772, stack(0x0000008397c00000,0x0000008397d00000)]
  0x000001860437e000 JavaThread "jar transforms Thread 116" [_thread_blocked, id=3952, stack(0x0000008397d00000,0x0000008397e00000)]
  0x000001860437a800 JavaThread "jar transforms Thread 117" [_thread_blocked, id=2264, stack(0x0000008397e00000,0x0000008397f00000)]
  0x000001860437e800 JavaThread "jar transforms Thread 118" [_thread_blocked, id=11460, stack(0x0000008397f00000,0x0000008398000000)]
  0x000001860437f800 JavaThread "Execution worker for ':'" [_thread_blocked, id=6076, stack(0x0000008398100000,0x0000008398200000)]
  0x000001860437a000 JavaThread "Execution worker for ':' Thread 2" [_thread_blocked, id=10704, stack(0x0000008398200000,0x0000008398300000)]
  0x000001860437b800 JavaThread "Execution worker for ':' Thread 3" [_thread_blocked, id=6008, stack(0x0000008398300000,0x0000008398400000)]
  0x000001860437c800 JavaThread "Cache worker for execution history cache (E:\client_application\android\.gradle\6.7\executionHistory)" [_thread_blocked, id=4132, stack(0x0000008398400000,0x0000008398500000)]
  0x0000018604380800 JavaThread "Exec process" [_thread_in_native, id=5312, stack(0x0000008398500000,0x0000008398600000)]
  0x000001860affe000 JavaThread "Exec process Thread 2" [_thread_in_native, id=4696, stack(0x0000008398600000,0x0000008398700000)]
  0x000001860affb000 JavaThread "Exec process Thread 3" [_thread_in_native, id=2284, stack(0x0000008398700000,0x0000008398800000)]

Other Threads:
  0x000001867fe34800 VMThread "VM Thread" [stack: 0x000000838e200000,0x000000838e300000] [id=11444]
  0x00000186041b0000 WatcherThread [stack: 0x000000838ec00000,0x000000838ed00000] [id=7264]
  0x000001866a5f3800 GCTaskThread "GC Thread#0" [stack: 0x000000838dd00000,0x000000838de00000] [id=9324]
  0x0000018604482800 GCTaskThread "GC Thread#1" [stack: 0x000000838ed00000,0x000000838ee00000] [id=1044]
  0x00000186046b1800 GCTaskThread "GC Thread#2" [stack: 0x000000838ee00000,0x000000838ef00000] [id=5688]
  0x00000186045b4800 GCTaskThread "GC Thread#3" [stack: 0x000000838fb00000,0x000000838fc00000] [id=6772]
  0x000001866a61f800 ConcurrentGCThread "G1 Main Marker" [stack: 0x000000838de00000,0x000000838df00000] [id=8240]
  0x000001866a622000 ConcurrentGCThread "G1 Conc#0" [stack: 0x000000838df00000,0x000000838e000000] [id=3120]
  0x000001866a6b0000 ConcurrentGCThread "G1 Refine#0" [stack: 0x000000838e000000,0x000000838e100000] [id=10340]
  0x000001866a6b1000 ConcurrentGCThread "G1 Young RemSet Sampling" [stack: 0x000000838e100000,0x000000838e200000] [id=9992]

Threads with active compile tasks:
C2 CompilerThread0  58453 10103       4       org.gradle.internal.logging.text.AbstractLineChoppingStyledTextOutput::doAppend (43 bytes)

VM state:not at safepoint (normal execution)

VM Mutex/Monitor currently owned by a thread: None

Heap address: 0x00000000a0000000, size: 1536 MB, Compressed Oops mode: 32-bit
Narrow klass base: 0x0000000000000000, Narrow klass shift: 3
Compressed class space size: 1073741824 Address: 0x0000000100000000

Heap:
 garbage-first heap   total 129024K, used 110842K [0x00000000a0000000, 0x0000000100000000)
  region size 1024K, 7 young (7168K), 1 survivors (1024K)
 Metaspace       used 80653K, capacity 83721K, committed 83832K, reserved 1122304K
  class space    used 10568K, capacity 11596K, committed 11640K, reserved 1048576K
Heap Regions: E=young(eden), S=young(survivor), O=old, HS=humongous(starts), HC=humongous(continues), CS=collection set, F=free, A=archive, TAMS=top-at-mark-start (previous, next)
|   0|0x00000000a0000000, 0x00000000a0100000, 0x00000000a0100000|100%| O|  |TAMS 0x00000000a0100000, 0x00000000a0000000| Untracked 
|   1|0x00000000a0100000, 0x00000000a0200000, 0x00000000a0200000|100%| O|  |TAMS 0x00000000a0200000, 0x00000000a0100000| Untracked 
|   2|0x00000000a0200000, 0x00000000a0300000, 0x00000000a0300000|100%| O|  |TAMS 0x00000000a0300000, 0x00000000a0200000| Complete 
|   3|0x00000000a0300000, 0x00000000a0400000, 0x00000000a0400000|100%|HS|  |TAMS 0x00000000a0400000, 0x00000000a0300000| Complete 
|   4|0x00000000a0400000, 0x00000000a0500000, 0x00000000a0500000|100%|HC|  |TAMS 0x00000000a0500000, 0x00000000a0400000| Complete 
|   5|0x00000000a0500000, 0x00000000a0600000, 0x00000000a0600000|100%|HC|  |TAMS 0x00000000a0600000, 0x00000000a0500000| Complete 
|   6|0x00000000a0600000, 0x00000000a0700000, 0x00000000a0700000|100%| O|  |TAMS 0x00000000a0700000, 0x00000000a0600000| Untracked 
|   7|0x00000000a0700000, 0x00000000a0800000, 0x00000000a0800000|100%| O|  |TAMS 0x00000000a0800000, 0x00000000a0700000| Untracked 
|   8|0x00000000a0800000, 0x00000000a0900000, 0x00000000a0900000|100%| O|  |TAMS 0x00000000a0900000, 0x00000000a0800000| Complete 
|   9|0x00000000a0900000, 0x00000000a0a00000, 0x00000000a0a00000|100%| O|  |TAMS 0x00000000a0a00000, 0x00000000a0900000| Untracked 
|  10|0x00000000a0a00000, 0x00000000a0b00000, 0x00000000a0b00000|100%| O|  |TAMS 0x00000000a0b00000, 0x00000000a0a00000| Untracked 
|  11|0x00000000a0b00000, 0x00000000a0c00000, 0x00000000a0c00000|100%| O|  |TAMS 0x00000000a0c00000, 0x00000000a0b00000| Untracked 
|  12|0x00000000a0c00000, 0x00000000a0d00000, 0x00000000a0d00000|100%| O|  |TAMS 0x00000000a0d00000, 0x00000000a0c00000| Untracked 
|  13|0x00000000a0d00000, 0x00000000a0e00000, 0x00000000a0e00000|100%| O|  |TAMS 0x00000000a0e00000, 0x00000000a0d00000| Untracked 
|  14|0x00000000a0e00000, 0x00000000a0f00000, 0x00000000a0f00000|100%| O|  |TAMS 0x00000000a0f00000, 0x00000000a0e00000| Untracked 
|  15|0x00000000a0f00000, 0x00000000a1000000, 0x00000000a1000000|100%| O|  |TAMS 0x00000000a1000000, 0x00000000a0f00000| Complete 
|  16|0x00000000a1000000, 0x00000000a1100000, 0x00000000a1100000|100%| O|  |TAMS 0x00000000a1100000, 0x00000000a1000000| Untracked 
|  17|0x00000000a1100000, 0x00000000a1200000, 0x00000000a1200000|100%| O|  |TAMS 0x00000000a1200000, 0x00000000a1100000| Untracked 
|  18|0x00000000a1200000, 0x00000000a1300000, 0x00000000a1300000|100%| O|  |TAMS 0x00000000a1300000, 0x00000000a1200000| Untracked 
|  19|0x00000000a1300000, 0x00000000a1400000, 0x00000000a1400000|100%| O|  |TAMS 0x00000000a1400000, 0x00000000a1300000| Untracked 
|  20|0x00000000a1400000, 0x00000000a1500000, 0x00000000a1500000|100%| O|  |TAMS 0x00000000a1500000, 0x00000000a1400000| Untracked 
|  21|0x00000000a1500000, 0x00000000a1600000, 0x00000000a1600000|100%|HS|  |TAMS 0x00000000a1600000, 0x00000000a1500000| Complete 
|  22|0x00000000a1600000, 0x00000000a1700000, 0x00000000a1700000|100%|HS|  |TAMS 0x00000000a1700000, 0x00000000a1600000| Complete 
|  23|0x00000000a1700000, 0x00000000a1800000, 0x00000000a1800000|100%|HC|  |TAMS 0x00000000a1800000, 0x00000000a1700000| Complete 
|  24|0x00000000a1800000, 0x00000000a1900000, 0x00000000a1900000|100%|HC|  |TAMS 0x00000000a1900000, 0x00000000a1800000| Complete 
|  25|0x00000000a1900000, 0x00000000a1a00000, 0x00000000a1a00000|100%|HS|  |TAMS 0x00000000a1a00000, 0x00000000a1900000| Complete 
|  26|0x00000000a1a00000, 0x00000000a1b00000, 0x00000000a1b00000|100%|HC|  |TAMS 0x00000000a1b00000, 0x00000000a1a00000| Complete 
|  27|0x00000000a1b00000, 0x00000000a1c00000, 0x00000000a1c00000|100%| O|  |TAMS 0x00000000a1c00000, 0x00000000a1b00000| Untracked 
|  28|0x00000000a1c00000, 0x00000000a1d00000, 0x00000000a1d00000|100%| O|  |TAMS 0x00000000a1d00000, 0x00000000a1c00000| Untracked 
|  29|0x00000000a1d00000, 0x00000000a1e00000, 0x00000000a1e00000|100%| O|  |TAMS 0x00000000a1e00000, 0x00000000a1d00000| Untracked 
|  30|0x00000000a1e00000, 0x00000000a1f00000, 0x00000000a1f00000|100%| O|  |TAMS 0x00000000a1f00000, 0x00000000a1e00000| Untracked 
|  31|0x00000000a1f00000, 0x00000000a2000000, 0x00000000a2000000|100%| O|  |TAMS 0x00000000a2000000, 0x00000000a1f00000| Complete 
|  32|0x00000000a2000000, 0x00000000a2100000, 0x00000000a2100000|100%| O|  |TAMS 0x00000000a2100000, 0x00000000a2000000| Untracked 
|  33|0x00000000a2100000, 0x00000000a2200000, 0x00000000a2200000|100%| O|  |TAMS 0x00000000a2200000, 0x00000000a2100000| Untracked 
|  34|0x00000000a2200000, 0x00000000a2300000, 0x00000000a2300000|100%| O|  |TAMS 0x00000000a2300000, 0x00000000a2200000| Untracked 
|  35|0x00000000a2300000, 0x00000000a2400000, 0x00000000a2400000|100%| O|  |TAMS 0x00000000a2400000, 0x00000000a2300000| Untracked 
|  36|0x00000000a2400000, 0x00000000a2500000, 0x00000000a2500000|100%| O|  |TAMS 0x00000000a2500000, 0x00000000a2400000| Untracked 
|  37|0x00000000a2500000, 0x00000000a2600000, 0x00000000a2600000|100%| O|  |TAMS 0x00000000a2600000, 0x00000000a2500000| Complete 
|  38|0x00000000a2600000, 0x00000000a2700000, 0x00000000a2700000|100%| O|  |TAMS 0x00000000a2700000, 0x00000000a2600000| Untracked 
|  39|0x00000000a2700000, 0x00000000a2800000, 0x00000000a2800000|100%| O|  |TAMS 0x00000000a2800000, 0x00000000a2700000| Untracked 
|  40|0x00000000a2800000, 0x00000000a2900000, 0x00000000a2900000|100%| O|  |TAMS 0x00000000a2900000, 0x00000000a2800000| Complete 
|  41|0x00000000a2900000, 0x00000000a2a00000, 0x00000000a2a00000|100%| O|  |TAMS 0x00000000a2a00000, 0x00000000a2900000| Complete 
|  42|0x00000000a2a00000, 0x00000000a2b00000, 0x00000000a2b00000|100%| O|  |TAMS 0x00000000a2b00000, 0x00000000a2a00000| Untracked 
|  43|0x00000000a2b00000, 0x00000000a2c00000, 0x00000000a2c00000|100%| O|  |TAMS 0x00000000a2c00000, 0x00000000a2b00000| Untracked 
|  44|0x00000000a2c00000, 0x00000000a2d00000, 0x00000000a2d00000|100%| O|  |TAMS 0x00000000a2d00000, 0x00000000a2c00000| Untracked 
|  45|0x00000000a2d00000, 0x00000000a2e00000, 0x00000000a2e00000|100%| O|  |TAMS 0x00000000a2e00000, 0x00000000a2d00000| Untracked 
|  46|0x00000000a2e00000, 0x00000000a2f00000, 0x00000000a2f00000|100%| O|  |TAMS 0x00000000a2f00000, 0x00000000a2e00000| Untracked 
|  47|0x00000000a2f00000, 0x00000000a3000000, 0x00000000a3000000|100%| O|  |TAMS 0x00000000a3000000, 0x00000000a2f00000| Untracked 
|  48|0x00000000a3000000, 0x00000000a3100000, 0x00000000a3100000|100%| O|  |TAMS 0x00000000a3100000, 0x00000000a3000000| Untracked 
|  49|0x00000000a3100000, 0x00000000a3200000, 0x00000000a3200000|100%| O|  |TAMS 0x00000000a3200000, 0x00000000a3100000| Untracked 
|  50|0x00000000a3200000, 0x00000000a3300000, 0x00000000a3300000|100%| O|  |TAMS 0x00000000a3300000, 0x00000000a3200000| Untracked 
|  51|0x00000000a3300000, 0x00000000a3400000, 0x00000000a3400000|100%| O|  |TAMS 0x00000000a3400000, 0x00000000a3300000| Complete 
|  52|0x00000000a3400000, 0x00000000a3500000, 0x00000000a3500000|100%| O|  |TAMS 0x00000000a3500000, 0x00000000a3400000| Untracked 
|  53|0x00000000a3500000, 0x00000000a3600000, 0x00000000a3600000|100%| O|  |TAMS 0x00000000a3600000, 0x00000000a3500000| Untracked 
|  54|0x00000000a3600000, 0x00000000a3700000, 0x00000000a3700000|100%| O|  |TAMS 0x00000000a3700000, 0x00000000a3600000| Untracked 
|  55|0x00000000a3700000, 0x00000000a3800000, 0x00000000a3800000|100%| O|  |TAMS 0x00000000a3800000, 0x00000000a3700000| Complete 
|  56|0x00000000a3800000, 0x00000000a3900000, 0x00000000a3900000|100%| O|  |TAMS 0x00000000a3900000, 0x00000000a3800000| Untracked 
|  57|0x00000000a3900000, 0x00000000a3a00000, 0x00000000a3a00000|100%| O|  |TAMS 0x00000000a3a00000, 0x00000000a3900000| Untracked 
|  58|0x00000000a3a00000, 0x00000000a3b00000, 0x00000000a3b00000|100%| O|  |TAMS 0x00000000a3b00000, 0x00000000a3a00000| Untracked 
|  59|0x00000000a3b00000, 0x00000000a3c00000, 0x00000000a3c00000|100%| O|  |TAMS 0x00000000a3c00000, 0x00000000a3b00000| Untracked 
|  60|0x00000000a3c00000, 0x00000000a3d00000, 0x00000000a3d00000|100%| O|  |TAMS 0x00000000a3d00000, 0x00000000a3c00000| Untracked 
|  61|0x00000000a3d00000, 0x00000000a3e00000, 0x00000000a3e00000|100%| O|  |TAMS 0x00000000a3e00000, 0x00000000a3d00000| Untracked 
|  62|0x00000000a3e00000, 0x00000000a3f00000, 0x00000000a3f00000|100%| O|  |TAMS 0x00000000a3f00000, 0x00000000a3e00000| Untracked 
|  63|0x00000000a3f00000, 0x00000000a4000000, 0x00000000a4000000|100%| O|  |TAMS 0x00000000a4000000, 0x00000000a3f00000| Untracked 
|  64|0x00000000a4000000, 0x00000000a4100000, 0x00000000a4100000|100%| O|  |TAMS 0x00000000a4100000, 0x00000000a4000000| Complete 
|  65|0x00000000a4100000, 0x00000000a4200000, 0x00000000a4200000|100%| O|  |TAMS 0x00000000a4200000, 0x00000000a4100000| Complete 
|  66|0x00000000a4200000, 0x00000000a4300000, 0x00000000a4300000|100%|HS|  |TAMS 0x00000000a4300000, 0x00000000a4200000| Complete 
|  67|0x00000000a4300000, 0x00000000a4400000, 0x00000000a4400000|100%|HS|  |TAMS 0x00000000a4400000, 0x00000000a4300000| Complete 
|  68|0x00000000a4400000, 0x00000000a4500000, 0x00000000a4500000|100%|HS|  |TAMS 0x00000000a4500000, 0x00000000a4400000| Complete 
|  69|0x00000000a4500000, 0x00000000a4600000, 0x00000000a4600000|100%|HC|  |TAMS 0x00000000a4600000, 0x00000000a4500000| Complete 
|  70|0x00000000a4600000, 0x00000000a4700000, 0x00000000a4700000|100%| O|  |TAMS 0x00000000a4700000, 0x00000000a4600000| Untracked 
|  71|0x00000000a4700000, 0x00000000a4800000, 0x00000000a4800000|100%| O|  |TAMS 0x00000000a4800000, 0x00000000a4700000| Complete 
|  72|0x00000000a4800000, 0x00000000a4900000, 0x00000000a4900000|100%| O|  |TAMS 0x00000000a4900000, 0x00000000a4800000| Untracked 
|  73|0x00000000a4900000, 0x00000000a4a00000, 0x00000000a4a00000|100%| O|  |TAMS 0x00000000a4a00000, 0x00000000a4900000| Untracked 
|  74|0x00000000a4a00000, 0x00000000a4b00000, 0x00000000a4b00000|100%| O|  |TAMS 0x00000000a4b00000, 0x00000000a4a00000| Untracked 
|  75|0x00000000a4b00000, 0x00000000a4c00000, 0x00000000a4c00000|100%| O|  |TAMS 0x00000000a4c00000, 0x00000000a4b00000| Untracked 
|  76|0x00000000a4c00000, 0x00000000a4d00000, 0x00000000a4d00000|100%| O|  |TAMS 0x00000000a4d00000, 0x00000000a4c00000| Untracked 
|  77|0x00000000a4d00000, 0x00000000a4e00000, 0x00000000a4e00000|100%| O|  |TAMS 0x00000000a4e00000, 0x00000000a4d00000| Untracked 
|  78|0x00000000a4e00000, 0x00000000a4f00000, 0x00000000a4f00000|100%| O|  |TAMS 0x00000000a4f00000, 0x00000000a4e00000| Untracked 
|  79|0x00000000a4f00000, 0x00000000a5000000, 0x00000000a5000000|100%| O|  |TAMS 0x00000000a5000000, 0x00000000a4f00000| Complete 
|  80|0x00000000a5000000, 0x00000000a5100000, 0x00000000a5100000|100%| O|  |TAMS 0x00000000a5100000, 0x00000000a5000000| Complete 
|  81|0x00000000a5100000, 0x00000000a5200000, 0x00000000a5200000|100%| O|  |TAMS 0x00000000a5200000, 0x00000000a5100000| Untracked 
|  82|0x00000000a5200000, 0x00000000a5300000, 0x00000000a5300000|100%| O|  |TAMS 0x00000000a5300000, 0x00000000a5200000| Complete 
|  83|0x00000000a5300000, 0x00000000a5400000, 0x00000000a5400000|100%| O|  |TAMS 0x00000000a5400000, 0x00000000a5300000| Untracked 
|  84|0x00000000a5400000, 0x00000000a5500000, 0x00000000a5500000|100%| O|  |TAMS 0x00000000a5500000, 0x00000000a5400000| Untracked 
|  85|0x00000000a5500000, 0x00000000a5600000, 0x00000000a5600000|100%|HS|  |TAMS 0x00000000a5600000, 0x00000000a5500000| Complete 
|  86|0x00000000a5600000, 0x00000000a5700000, 0x00000000a5700000|100%|HC|  |TAMS 0x00000000a5700000, 0x00000000a5600000| Complete 
|  87|0x00000000a5700000, 0x00000000a5800000, 0x00000000a5800000|100%|HC|  |TAMS 0x00000000a5800000, 0x00000000a5700000| Complete 
|  88|0x00000000a5800000, 0x00000000a5900000, 0x00000000a5900000|100%| O|  |TAMS 0x00000000a5900000, 0x00000000a5800000| Untracked 
|  89|0x00000000a5900000, 0x00000000a5a00000, 0x00000000a5a00000|100%| O|  |TAMS 0x00000000a5a00000, 0x00000000a5900000| Complete 
|  90|0x00000000a5a00000, 0x00000000a5b00000, 0x00000000a5b00000|100%| O|  |TAMS 0x00000000a5b00000, 0x00000000a5a00000| Complete 
|  91|0x00000000a5b00000, 0x00000000a5c00000, 0x00000000a5c00000|100%| O|  |TAMS 0x00000000a5c00000, 0x00000000a5b00000| Untracked 
|  92|0x00000000a5c00000, 0x00000000a5d00000, 0x00000000a5d00000|100%| O|  |TAMS 0x00000000a5d00000, 0x00000000a5c00000| Untracked 
|  93|0x00000000a5d00000, 0x00000000a5e00000, 0x00000000a5e00000|100%| O|  |TAMS 0x00000000a5e00000, 0x00000000a5d00000| Untracked 
|  94|0x00000000a5e00000, 0x00000000a5f00000, 0x00000000a5f00000|100%| O|  |TAMS 0x00000000a5f00000, 0x00000000a5e00000| Complete 
|  95|0x00000000a5f00000, 0x00000000a6000000, 0x00000000a6000000|100%| O|  |TAMS 0x00000000a6000000, 0x00000000a5f00000| Untracked 
|  96|0x00000000a6000000, 0x00000000a6100000, 0x00000000a6100000|100%| O|  |TAMS 0x00000000a6100000, 0x00000000a6000000| Complete 
|  97|0x00000000a6100000, 0x00000000a6200000, 0x00000000a6200000|100%| O|  |TAMS 0x00000000a6200000, 0x00000000a6100000| Complete 
|  98|0x00000000a6200000, 0x00000000a6300000, 0x00000000a6300000|100%| O|  |TAMS 0x00000000a6300000, 0x00000000a6200000| Complete 
|  99|0x00000000a6300000, 0x00000000a6400000, 0x00000000a6400000|100%| O|  |TAMS 0x00000000a6400000, 0x00000000a6300000| Complete 
| 100|0x00000000a6400000, 0x00000000a6500000, 0x00000000a6500000|100%| O|  |TAMS 0x00000000a6500000, 0x00000000a6400000| Complete 
| 101|0x00000000a6500000, 0x00000000a6600000, 0x00000000a6600000|100%| O|  |TAMS 0x00000000a6600000, 0x00000000a6500000| Untracked 
| 102|0x00000000a6600000, 0x00000000a668a800, 0x00000000a6700000| 54%| O|  |TAMS 0x00000000a668a800, 0x00000000a6600000| Untracked 
| 103|0x00000000a6700000, 0x00000000a6700000, 0x00000000a6800000|  0%| F|  |TAMS 0x00000000a6700000, 0x00000000a6700000| Untracked 
| 104|0x00000000a6800000, 0x00000000a6800000, 0x00000000a6900000|  0%| F|  |TAMS 0x00000000a6800000, 0x00000000a6800000| Untracked 
| 105|0x00000000a6900000, 0x00000000a6900000, 0x00000000a6a00000|  0%| F|  |TAMS 0x00000000a6900000, 0x00000000a6900000| Untracked 
| 106|0x00000000a6a00000, 0x00000000a6a00000, 0x00000000a6b00000|  0%| F|  |TAMS 0x00000000a6a00000, 0x00000000a6a00000| Untracked 
| 107|0x00000000a6b00000, 0x00000000a6b00000, 0x00000000a6c00000|  0%| F|  |TAMS 0x00000000a6b00000, 0x00000000a6b00000| Untracked 
| 108|0x00000000a6c00000, 0x00000000a6c00000, 0x00000000a6d00000|  0%| F|  |TAMS 0x00000000a6c00000, 0x00000000a6c00000| Untracked 
| 109|0x00000000a6d00000, 0x00000000a6d00000, 0x00000000a6e00000|  0%| F|  |TAMS 0x00000000a6d00000, 0x00000000a6d00000| Untracked 
| 110|0x00000000a6e00000, 0x00000000a6e00000, 0x00000000a6f00000|  0%| F|  |TAMS 0x00000000a6e00000, 0x00000000a6e00000| Untracked 
| 111|0x00000000a6f00000, 0x00000000a6f00000, 0x00000000a7000000|  0%| F|  |TAMS 0x00000000a6f00000, 0x00000000a6f00000| Untracked 
| 112|0x00000000a7000000, 0x00000000a7000000, 0x00000000a7100000|  0%| F|  |TAMS 0x00000000a7000000, 0x00000000a7000000| Untracked 
| 113|0x00000000a7100000, 0x00000000a7100000, 0x00000000a7200000|  0%| F|  |TAMS 0x00000000a7100000, 0x00000000a7100000| Untracked 
| 114|0x00000000a7200000, 0x00000000a7200000, 0x00000000a7300000|  0%| F|  |TAMS 0x00000000a7200000, 0x00000000a7200000| Untracked 
| 115|0x00000000a7300000, 0x00000000a7300000, 0x00000000a7400000|  0%| F|  |TAMS 0x00000000a7300000, 0x00000000a7300000| Untracked 
| 116|0x00000000a7400000, 0x00000000a7400000, 0x00000000a7500000|  0%| F|  |TAMS 0x00000000a7400000, 0x00000000a7400000| Untracked 
| 117|0x00000000a7500000, 0x00000000a7500000, 0x00000000a7600000|  0%| F|  |TAMS 0x00000000a7500000, 0x00000000a7500000| Untracked 
| 118|0x00000000a7600000, 0x00000000a7600000, 0x00000000a7700000|  0%| F|  |TAMS 0x00000000a7600000, 0x00000000a7600000| Untracked 
| 119|0x00000000a7700000, 0x00000000a77b4340, 0x00000000a7800000| 70%| S|CS|TAMS 0x00000000a7700000, 0x00000000a7700000| Complete 
| 120|0x00000000a7800000, 0x00000000a787b708, 0x00000000a7900000| 48%| E|  |TAMS 0x00000000a7800000, 0x00000000a7800000| Complete 
| 121|0x00000000a7900000, 0x00000000a7a00000, 0x00000000a7a00000|100%| E|CS|TAMS 0x00000000a7900000, 0x00000000a7900000| Complete 
| 122|0x00000000a7a00000, 0x00000000a7b00000, 0x00000000a7b00000|100%| E|CS|TAMS 0x00000000a7a00000, 0x00000000a7a00000| Complete 
| 123|0x00000000a7b00000, 0x00000000a7c00000, 0x00000000a7c00000|100%| E|CS|TAMS 0x00000000a7b00000, 0x00000000a7b00000| Complete 
| 124|0x00000000a7c00000, 0x00000000a7d00000, 0x00000000a7d00000|100%| E|CS|TAMS 0x00000000a7c00000, 0x00000000a7c00000| Complete 
| 125|0x00000000a7d00000, 0x00000000a7e00000, 0x00000000a7e00000|100%| E|CS|TAMS 0x00000000a7d00000, 0x00000000a7d00000| Complete 

Card table byte_map: [0x000001867da30000,0x000001867dd30000] _byte_map_base: 0x000001867d530000

Marking Bits (Prev, Next): (CMBitMap*) 0x000001866a618e20, (CMBitMap*) 0x000001866a618de8
 Prev Bits: [0x0000018600000000, 0x0000018601800000)
 Next Bits: [0x000001867e030000, 0x000001867f830000)

Polling page: 0x000001866e0d0000

Metaspace:

Usage:
  Non-class:     70.43 MB capacity,    68.44 MB ( 97%) used,     1.78 MB (  3%) free+waste,   218.38 KB ( <1%) overhead. 
      Class:     11.32 MB capacity,    10.32 MB ( 91%) used,   923.59 KB (  8%) free+waste,   103.44 KB ( <1%) overhead. 
       Both:     81.76 MB capacity,    78.76 MB ( 96%) used,     2.68 MB (  3%) free+waste,   321.81 KB ( <1%) overhead. 

Virtual space:
  Non-class space:       72.00 MB reserved,      70.50 MB ( 98%) committed 
      Class space:        1.00 GB reserved,      11.37 MB (  1%) committed 
             Both:        1.07 GB reserved,      81.87 MB (  7%) committed 

Chunk freelists:
   Non-Class:  3.00 KB
       Class:  0 bytes
        Both:  3.00 KB

MaxMetaspaceSize: 17179869184.00 GB
CompressedClassSpaceSize: 1.00 GB

CodeHeap 'non-profiled nmethods': size=120064Kb used=6199Kb max_used=6199Kb free=113864Kb
 bounds [0x0000018675bb0000, 0x00000186761c0000, 0x000001867d0f0000]
CodeHeap 'profiled nmethods': size=120000Kb used=21727Kb max_used=21727Kb free=98272Kb
 bounds [0x000001866e680000, 0x000001866fbc0000, 0x0000018675bb0000]
CodeHeap 'non-nmethods': size=5696Kb used=2258Kb max_used=2313Kb free=3437Kb
 bounds [0x000001866e0f0000, 0x000001866e360000, 0x000001866e680000]
 total_blobs=10857 nmethods=10004 adapters=764
 compilation: enabled
              stopped_count=0, restarted_count=0
 full_count=0

Compilation events (20 events):
Event: 58.097 Thread 0x000001867fe8a800 nmethod 10095 0x00000186761bd610 code [0x00000186761bd7c0, 0x00000186761bdd98]
Event: 58.399 Thread 0x000001867fe8f000 10096       3       org.gradle.internal.logging.text.AbstractStyledTextOutput::style (20 bytes)
Event: 58.399 Thread 0x000001867fe8f000 nmethod 10096 0x000001866fbb3b90 code [0x000001866fbb3d60, 0x000001866fbb3fc8]
Event: 58.399 Thread 0x000001867fe8f000 10097       3       org.gradle.internal.io.LineBufferingOutputStream::write (59 bytes)
Event: 58.399 Thread 0x000001867fe8a800 10103       4       org.gradle.internal.logging.text.AbstractLineChoppingStyledTextOutput::doAppend (43 bytes)
Event: 58.400 Thread 0x000001867fe8f000 nmethod 10097 0x000001866fbb4090 code [0x000001866fbb4340, 0x000001866fbb5098]
Event: 58.400 Thread 0x000001867fe8f000 10100       3       org.gradle.internal.io.LineBufferingOutputStream::endsWithLineSeparator (27 bytes)
Event: 58.401 Thread 0x000001867fe8f000 nmethod 10100 0x000001866fbb5590 code [0x000001866fbb5740, 0x000001866fbb58d8]
Event: 58.401 Thread 0x000001867fe8f000 10098       3       org.gradle.internal.io.StreamByteBuffer$StreamByteBufferOutputStream::write (22 bytes)
Event: 58.401 Thread 0x000001867fe8f000 nmethod 10098 0x000001866fbb5990 code [0x000001866fbb5b60, 0x000001866fbb5dc8]
Event: 58.401 Thread 0x000001867fe8f000 10099       3       org.gradle.internal.io.StreamByteBuffer$StreamByteBufferChunk::write (32 bytes)
Event: 58.401 Thread 0x000001867fe8f000 nmethod 10099 0x000001866fbb5f90 code [0x000001866fbb6140, 0x000001866fbb62d8]
Event: 58.401 Thread 0x000001867fe8f000 10101   !   3       java.nio.ByteBuffer::wrap (20 bytes)
Event: 58.401 Thread 0x000001867fe8f000 nmethod 10101 0x000001866fbb6390 code [0x000001866fbb6560, 0x000001866fbb6858]
Event: 58.401 Thread 0x000001867fe8f000 10102       3       java.nio.HeapByteBuffer::<init> (21 bytes)
Event: 58.401 Thread 0x000001867fe8f000 nmethod 10102 0x000001866fbb6a10 code [0x000001866fbb6bc0, 0x000001866fbb6d28]
Event: 58.401 Thread 0x000001867fe8f000 10105       3       org.gradle.internal.io.LinePerThreadBufferingOutputStream::getStream (44 bytes)
Event: 58.402 Thread 0x000001867fe8f000 nmethod 10105 0x000001866fbb6e10 code [0x000001866fbb7040, 0x000001866fbb7778]
Event: 58.402 Thread 0x000001867fe8f000 10106       3       java.io.FilterOutputStream::write (9 bytes)
Event: 58.402 Thread 0x000001867fe8f000 nmethod 10106 0x000001866fbb7a10 code [0x000001866fbb7bc0, 0x000001866fbb7d88]

GC Heap History (20 events):
Event: 46.796 GC heap before
{Heap before GC invocations=32 (full 0):
 garbage-first heap   total 129024K, used 106190K [0x00000000a0000000, 0x0000000100000000)
  region size 1024K, 12 young (12288K), 1 survivors (1024K)
 Metaspace       used 76118K, capacity 78921K, committed 79096K, reserved 1118208K
  class space    used 9949K, capacity 10856K, committed 11000K, reserved 1048576K
}
Event: 46.799 GC heap after
{Heap after GC invocations=33 (full 0):
 garbage-first heap   total 129024K, used 95348K [0x00000000a0000000, 0x0000000100000000)
  region size 1024K, 1 young (1024K), 1 survivors (1024K)
 Metaspace       used 76118K, capacity 78921K, committed 79096K, reserved 1118208K
  class space    used 9949K, capacity 10856K, committed 11000K, reserved 1048576K
}
Event: 47.222 GC heap before
{Heap before GC invocations=33 (full 0):
 garbage-first heap   total 129024K, used 107636K [0x00000000a0000000, 0x0000000100000000)
  region size 1024K, 13 young (13312K), 1 survivors (1024K)
 Metaspace       used 77258K, capacity 80160K, committed 80248K, reserved 1118208K
  class space    used 10095K, capacity 11053K, committed 11128K, reserved 1048576K
}
Event: 47.226 GC heap after
{Heap after GC invocations=34 (full 0):
 garbage-first heap   total 129024K, used 96010K [0x00000000a0000000, 0x0000000100000000)
  region size 1024K, 2 young (2048K), 2 survivors (2048K)
 Metaspace       used 77258K, capacity 80160K, committed 80248K, reserved 1118208K
  class space    used 10095K, capacity 11053K, committed 11128K, reserved 1048576K
}
Event: 47.815 GC heap before
{Heap before GC invocations=35 (full 0):
 garbage-first heap   total 129024K, used 108298K [0x00000000a0000000, 0x0000000100000000)
  region size 1024K, 14 young (14336K), 2 survivors (2048K)
 Metaspace       used 77853K, capacity 80771K, committed 81016K, reserved 1120256K
  class space    used 10164K, capacity 11100K, committed 11128K, reserved 1048576K
}
Event: 47.822 GC heap after
{Heap after GC invocations=36 (full 0):
 garbage-first heap   total 129024K, used 97527K [0x00000000a0000000, 0x0000000100000000)
  region size 1024K, 2 young (2048K), 2 survivors (2048K)
 Metaspace       used 77853K, capacity 80771K, committed 81016K, reserved 1120256K
  class space    used 10164K, capacity 11100K, committed 11128K, reserved 1048576K
}
Event: 48.204 GC heap before
{Heap before GC invocations=36 (full 0):
 garbage-first heap   total 129024K, used 107767K [0x00000000a0000000, 0x0000000100000000)
  region size 1024K, 13 young (13312K), 2 survivors (2048K)
 Metaspace       used 78129K, capacity 81091K, committed 81400K, reserved 1120256K
  class space    used 10197K, capacity 11155K, committed 11256K, reserved 1048576K
}
Event: 48.214 GC heap after
{Heap after GC invocations=37 (full 0):
 garbage-first heap   total 129024K, used 100295K [0x00000000a0000000, 0x0000000100000000)
  region size 1024K, 2 young (2048K), 2 survivors (2048K)
 Metaspace       used 78129K, capacity 81091K, committed 81400K, reserved 1120256K
  class space    used 10197K, capacity 11155K, committed 11256K, reserved 1048576K
}
Event: 48.680 GC heap before
{Heap before GC invocations=38 (full 0):
 garbage-first heap   total 129024K, used 110535K [0x00000000a0000000, 0x0000000100000000)
  region size 1024K, 12 young (12288K), 2 survivors (2048K)
 Metaspace       used 78716K, capacity 81640K, committed 81912K, reserved 1120256K
  class space    used 10263K, capacity 11204K, committed 11256K, reserved 1048576K
}
Event: 48.688 GC heap after
{Heap after GC invocations=39 (full 0):
 garbage-first heap   total 129024K, used 101965K [0x00000000a0000000, 0x0000000100000000)
  region size 1024K, 2 young (2048K), 2 survivors (2048K)
 Metaspace       used 78716K, capacity 81640K, committed 81912K, reserved 1120256K
  class space    used 10263K, capacity 11204K, committed 11256K, reserved 1048576K
}
Event: 48.914 GC heap before
{Heap before GC invocations=39 (full 0):
 garbage-first heap   total 129024K, used 110157K [0x00000000a0000000, 0x0000000100000000)
  region size 1024K, 10 young (10240K), 2 survivors (2048K)
 Metaspace       used 79026K, capacity 81974K, committed 82296K, reserved 1120256K
  class space    used 10306K, capacity 11272K, committed 11384K, reserved 1048576K
}
Event: 48.919 GC heap after
{Heap after GC invocations=40 (full 0):
 garbage-first heap   total 129024K, used 103151K [0x00000000a0000000, 0x0000000100000000)
  region size 1024K, 2 young (2048K), 2 survivors (2048K)
 Metaspace       used 79026K, capacity 81974K, committed 82296K, reserved 1120256K
  class space    used 10306K, capacity 11272K, committed 11384K, reserved 1048576K
}
Event: 49.222 GC heap before
{Heap before GC invocations=40 (full 0):
 garbage-first heap   total 129024K, used 110319K [0x00000000a0000000, 0x0000000100000000)
  region size 1024K, 10 young (10240K), 2 survivors (2048K)
 Metaspace       used 79382K, capacity 82380K, committed 82552K, reserved 1120256K
  class space    used 10352K, capacity 11319K, committed 11384K, reserved 1048576K
}
Event: 49.226 GC heap after
{Heap after GC invocations=41 (full 0):
 garbage-first heap   total 129024K, used 103752K [0x00000000a0000000, 0x0000000100000000)
  region size 1024K, 2 young (2048K), 2 survivors (2048K)
 Metaspace       used 79382K, capacity 82380K, committed 82552K, reserved 1120256K
  class space    used 10352K, capacity 11319K, committed 11384K, reserved 1048576K
}
Event: 49.605 GC heap before
{Heap before GC invocations=42 (full 0):
 garbage-first heap   total 129024K, used 110920K [0x00000000a0000000, 0x0000000100000000)
  region size 1024K, 10 young (10240K), 2 survivors (2048K)
 Metaspace       used 80023K, capacity 83044K, committed 83192K, reserved 1120256K
  class space    used 10454K, capacity 11411K, committed 11512K, reserved 1048576K
}
Event: 49.612 GC heap after
{Heap after GC invocations=43 (full 0):
 garbage-first heap   total 129024K, used 105046K [0x00000000a0000000, 0x0000000100000000)
  region size 1024K, 2 young (2048K), 2 survivors (2048K)
 Metaspace       used 80023K, capacity 83044K, committed 83192K, reserved 1120256K
  class space    used 10454K, capacity 11411K, committed 11512K, reserved 1048576K
}
Event: 50.100 GC heap before
{Heap before GC invocations=43 (full 0):
 garbage-first heap   total 129024K, used 112214K [0x00000000a0000000, 0x0000000100000000)
  region size 1024K, 9 young (9216K), 2 survivors (2048K)
 Metaspace       used 80078K, capacity 83097K, committed 83192K, reserved 1120256K
  class space    used 10464K, capacity 11450K, committed 11512K, reserved 1048576K
}
Event: 50.105 GC heap after
{Heap after GC invocations=44 (full 0):
 garbage-first heap   total 129024K, used 105634K [0x00000000a0000000, 0x0000000100000000)
  region size 1024K, 1 young (1024K), 1 survivors (1024K)
 Metaspace       used 80078K, capacity 83097K, committed 83192K, reserved 1120256K
  class space    used 10464K, capacity 11450K, committed 11512K, reserved 1048576K
}
Event: 50.437 GC heap before
{Heap before GC invocations=44 (full 0):
 garbage-first heap   total 129024K, used 110754K [0x00000000a0000000, 0x0000000100000000)
  region size 1024K, 7 young (7168K), 1 survivors (1024K)
 Metaspace       used 80285K, capacity 83348K, committed 83576K, reserved 1122304K
  class space    used 10505K, capacity 11491K, committed 11640K, reserved 1048576K
}
Event: 50.439 GC heap after
{Heap after GC invocations=45 (full 0):
 garbage-first heap   total 129024K, used 105722K [0x00000000a0000000, 0x0000000100000000)
  region size 1024K, 1 young (1024K), 1 survivors (1024K)
 Metaspace       used 80285K, capacity 83348K, committed 83576K, reserved 1122304K
  class space    used 10505K, capacity 11491K, committed 11640K, reserved 1048576K
}

Deoptimization events (20 events):
Event: 50.448 Thread 0x000001860437b800 DEOPT PACKING pc=0x000001867619d034 sp=0x00000083983fb200
Event: 50.448 Thread 0x000001860437b800 DEOPT UNPACKING pc=0x000001866e1178af sp=0x00000083983fb210 mode 2
Event: 50.448 Thread 0x000001860437b800 Uncommon trap: trap_request=0xffffffde fr.pc=0x000001867619d034 relative=0x0000000000001bb4
Event: 50.448 Thread 0x000001860437b800 Uncommon trap: reason=class_check action=maybe_recompile pc=0x000001867619d034 method=org.gradle.internal.snapshot.SnapshotUtil.handleChildren(Ljava/util/List;Lorg/gradle/internal/snapshot/VfsRelativePath;Lorg/gradle/internal/snapshot/CaseSensitivity;Lorg
Event: 50.448 Thread 0x000001860437b800 DEOPT PACKING pc=0x000001867619d034 sp=0x00000083983fae50
Event: 50.448 Thread 0x000001860437b800 DEOPT UNPACKING pc=0x000001866e1178af sp=0x00000083983fae60 mode 2
Event: 50.449 Thread 0x000001860437b800 Uncommon trap: trap_request=0xffffffde fr.pc=0x000001867619d034 relative=0x0000000000001bb4
Event: 50.449 Thread 0x000001860437b800 Uncommon trap: reason=class_check action=maybe_recompile pc=0x000001867619d034 method=org.gradle.internal.snapshot.SnapshotUtil.handleChildren(Ljava/util/List;Lorg/gradle/internal/snapshot/VfsRelativePath;Lorg/gradle/internal/snapshot/CaseSensitivity;Lorg
Event: 50.449 Thread 0x000001860437b800 DEOPT PACKING pc=0x000001867619d034 sp=0x00000083983faa30
Event: 50.449 Thread 0x000001860437b800 DEOPT UNPACKING pc=0x000001866e1178af sp=0x00000083983faa40 mode 2
Event: 50.453 Thread 0x000001860437b800 Uncommon trap: trap_request=0xffffffde fr.pc=0x000001867619d034 relative=0x0000000000001bb4
Event: 50.453 Thread 0x000001860437b800 Uncommon trap: reason=class_check action=maybe_recompile pc=0x000001867619d034 method=org.gradle.internal.snapshot.SnapshotUtil.handleChildren(Ljava/util/List;Lorg/gradle/internal/snapshot/VfsRelativePath;Lorg/gradle/internal/snapshot/CaseSensitivity;Lorg
Event: 50.453 Thread 0x000001860437b800 DEOPT PACKING pc=0x000001867619d034 sp=0x00000083983fb200
Event: 50.453 Thread 0x000001860437b800 DEOPT UNPACKING pc=0x000001866e1178af sp=0x00000083983fb210 mode 2
Event: 50.453 Thread 0x000001860437b800 Uncommon trap: trap_request=0xffffff4d fr.pc=0x000001867618c900 relative=0x0000000000000540
Event: 50.453 Thread 0x000001860437b800 Uncommon trap: reason=unstable_if action=reinterpret pc=0x000001867618c900 method=org.gradle.internal.snapshot.VfsRelativePath.lengthOfCommonPrefix(Ljava/lang/String;Lorg/gradle/internal/snapshot/CaseSensitivity;)I @ 107 c2
Event: 50.453 Thread 0x000001860437b800 DEOPT PACKING pc=0x000001867618c900 sp=0x00000083983fac40
Event: 50.453 Thread 0x000001860437b800 DEOPT UNPACKING pc=0x000001866e1178af sp=0x00000083983fabe0 mode 2
Event: 50.482 Thread 0x000001860437b800 DEOPT PACKING pc=0x000001866f926d14 sp=0x00000083983fae80
Event: 50.482 Thread 0x000001860437b800 DEOPT UNPACKING pc=0x000001866e1176ce sp=0x00000083983fa240 mode 0

Classes redefined (0 events):
No events

Internal exceptions (20 events):
Event: 50.454 Thread 0x000001860437b800 Exception <a 'java/lang/NoSuchMethodError'{0x00000000a7d68f50}: 'void java.lang.invoke.DirectMethodHandle$Holder.invokeVirtual(java.lang.Object, java.lang.Object)'> (0x00000000a7d68f50) thrown at [./src/hotspot/share/interpreter/linkResolver.cpp, line 773]
Event: 50.506 Thread 0x000001860437b800 Exception <a 'java/lang/ClassNotFoundException'{0x00000000a7cf2dc0}: org/gradle/process/internal/DefaultExecAction_DecoratedBeanInfo> (0x00000000a7cf2dc0) thrown at [./src/hotspot/share/classfile/systemDictionary.cpp, line 231]
Event: 50.508 Thread 0x000001860437b800 Exception <a 'java/lang/ClassNotFoundException'{0x00000000a7b16cc0}: org/gradle/process/internal/DefaultExecActionBeanInfo> (0x00000000a7b16cc0) thrown at [./src/hotspot/share/classfile/systemDictionary.cpp, line 231]
Event: 50.508 Thread 0x000001860437b800 Exception <a 'java/lang/ClassNotFoundException'{0x00000000a7b3cb70}: org/gradle/process/internal/DefaultExecHandleBuilderBeanInfo> (0x00000000a7b3cb70) thrown at [./src/hotspot/share/classfile/systemDictionary.cpp, line 231]
Event: 50.509 Thread 0x000001860437b800 Exception <a 'java/lang/ClassNotFoundException'{0x00000000a7b62a28}: org/gradle/process/internal/AbstractExecHandleBuilderBeanInfo> (0x00000000a7b62a28) thrown at [./src/hotspot/share/classfile/systemDictionary.cpp, line 231]
Event: 50.510 Thread 0x000001860437b800 Exception <a 'java/lang/ClassNotFoundException'{0x00000000a7b888a8}: org/gradle/process/internal/DefaultProcessForkOptionsBeanInfo> (0x00000000a7b888a8) thrown at [./src/hotspot/share/classfile/systemDictionary.cpp, line 231]
Event: 50.511 Thread 0x000001860437b800 Exception <a 'java/lang/ClassNotFoundException'{0x00000000a7baeb10}: org/gradle/process/internal/DefaultProcessForkOptionsCustomizer> (0x00000000a7baeb10) thrown at [./src/hotspot/share/classfile/systemDictionary.cpp, line 231]
Event: 50.515 Thread 0x000001860437b800 Exception <a 'java/lang/ClassNotFoundException'{0x00000000a7be0ea0}: org/gradle/process/internal/AbstractExecHandleBuilderCustomizer> (0x00000000a7be0ea0) thrown at [./src/hotspot/share/classfile/systemDictionary.cpp, line 231]
Event: 50.517 Thread 0x000001860437b800 Exception <a 'java/lang/ClassNotFoundException'{0x00000000a7a18e38}: org/gradle/process/internal/DefaultExecHandleBuilderCustomizer> (0x00000000a7a18e38) thrown at [./src/hotspot/share/classfile/systemDictionary.cpp, line 231]
Event: 50.523 Thread 0x000001860437b800 Exception <a 'java/lang/ClassNotFoundException'{0x00000000a7a69a20}: org/gradle/process/internal/DefaultExecActionCustomizer> (0x00000000a7a69a20) thrown at [./src/hotspot/share/classfile/systemDictionary.cpp, line 231]
Event: 50.524 Thread 0x000001860437b800 Exception <a 'java/lang/ClassNotFoundException'{0x00000000a7a99588}: org/gradle/process/internal/DefaultExecAction_DecoratedCustomizer> (0x00000000a7a99588) thrown at [./src/hotspot/share/classfile/systemDictionary.cpp, line 231]
Event: 50.526 Thread 0x000001860437b800 Exception <a 'java/lang/ClassNotFoundException'{0x00000000a7ae1630}: org/gradle/api/logging/LogLevelBeanInfo> (0x00000000a7ae1630) thrown at [./src/hotspot/share/classfile/systemDictionary.cpp, line 231]
Event: 50.527 Thread 0x000001860437b800 Exception <a 'java/lang/ClassNotFoundException'{0x00000000a7900968}: org/gradle/api/logging/LogLevelCustomizer> (0x00000000a7900968) thrown at [./src/hotspot/share/classfile/systemDictionary.cpp, line 231]
Event: 50.534 Thread 0x000001860437b800 Exception <a 'java/lang/ClassNotFoundException'{0x00000000a7955160}: org/gradle/internal/logging/compatbridge/LoggingManagerInternalCompatibilityBridgeBeanInfo> (0x00000000a7955160) thrown at [./src/hotspot/share/classfile/systemDictionary.cpp, line 231]
Event: 50.535 Thread 0x000001860437b800 Exception <a 'java/lang/ClassNotFoundException'{0x00000000a7981d20}: org/gradle/internal/logging/compatbridge/LoggingManagerInternalCompatibilityBridgeCustomizer> (0x00000000a7981d20) thrown at [./src/hotspot/share/classfile/systemDictionary.cpp, line 231]
Event: 50.752 Thread 0x0000018604380800 Exception <a 'java/lang/NoSuchMethodError'{0x00000000a79f8840}: 'void java.lang.invoke.DirectMethodHandle$Holder.invokeStatic(java.lang.Object, long)'> (0x00000000a79f8840) thrown at [./src/hotspot/share/interpreter/linkResolver.cpp, line 773]
Event: 50.752 Thread 0x0000018604380800 Exception <a 'java/lang/NoSuchMethodError'{0x00000000a79fdcc0}: 'java.lang.Object java.lang.invoke.DirectMethodHandle$Holder.invokeStatic(java.lang.Object, long)'> (0x00000000a79fdcc0) thrown at [./src/hotspot/share/interpreter/linkResolver.cpp, line 773]
Event: 50.755 Thread 0x0000018604380800 Exception <a 'java/lang/NoSuchMethodError'{0x00000000a780c578}: 'java.lang.Object java.lang.invoke.DirectMethodHandle$Holder.invokeStaticInit(java.lang.Object, java.lang.Object, long, java.lang.Object)'> (0x00000000a780c578) thrown at [./src/hotspot/share/interpreter/linkResolver.cpp, line 773]
Event: 50.758 Thread 0x0000018604380800 Exception <a 'java/lang/NoSuchMethodError'{0x00000000a7812748}: 'java.lang.Object java.lang.invoke.DirectMethodHandle$Holder.invokeStatic(java.lang.Object, java.lang.Object, long)'> (0x00000000a7812748) thrown at [./src/hotspot/share/interpreter/linkResolver.cpp, line 773]
Event: 50.763 Thread 0x0000018604380800 Exception <a 'java/lang/NoSuchMethodError'{0x00000000a7818c60}: 'java.lang.Object java.lang.invoke.Invokers$Holder.linkToTargetMethod(java.lang.Object, long, java.lang.Object)'> (0x00000000a7818c60) thrown at [./src/hotspot/share/interpreter/linkResolver.cpp, line 773]

Events (20 events):
Event: 50.717 Thread 0x0000018604380800 Thread added: 0x0000018604380800
Event: 50.729 loading class java/lang/ProcessBuilder
Event: 50.737 loading class java/lang/ProcessBuilder done
Event: 50.739 loading class net/rubygrapefruit/platform/internal/jni/WindowsHandleFunctions
Event: 50.739 loading class net/rubygrapefruit/platform/internal/jni/WindowsHandleFunctions done
Event: 50.741 loading class java/lang/ProcessImpl
Event: 50.743 loading class java/lang/ProcessImpl done
Event: 50.753 loading class java/lang/ProcessHandleImpl
Event: 50.754 loading class java/lang/ProcessHandleImpl done
Event: 50.763 loading class java/lang/ProcessImpl$2
Event: 50.766 loading class java/lang/ProcessImpl$2 done
Event: 50.766 loading class java/lang/Process$PipeInputStream
Event: 50.767 loading class java/lang/Process$PipeInputStream done
Event: 50.767 Executing VM operation: Deoptimize
Event: 50.768 Executing VM operation: Deoptimize done
Event: 50.769 loading class org/gradle/process/internal/streams/ExecOutputHandleRunner
Event: 50.769 loading class org/gradle/process/internal/streams/ExecOutputHandleRunner done
Event: 50.774 Thread 0x000001860affe000 Thread added: 0x000001860affe000
Event: 50.775 Thread 0x000001860affb000 Thread added: 0x000001860affb000
Event: 50.957 Thread 0x000001860e30c800 Thread exited: 0x000001860e30c800


Dynamic libraries:
0x00007ff6918c0000 - 0x00007ff6918ca000 	D:\androidstudio\jre\bin\java.exe
0x00007ffd15630000 - 0x00007ffd15825000 	C:\WINDOWS\SYSTEM32\ntdll.dll
0x00007ffd15480000 - 0x00007ffd1553e000 	C:\WINDOWS\System32\KERNEL32.DLL
0x00007ffd12e10000 - 0x00007ffd130d8000 	C:\WINDOWS\System32\KERNELBASE.dll
0x00007ffd133a0000 - 0x00007ffd134a0000 	C:\WINDOWS\System32\ucrtbase.dll
0x00007ffd0e230000 - 0x00007ffd0e247000 	D:\androidstudio\jre\bin\VCRUNTIME140.dll
0x00007ffd0e250000 - 0x00007ffd0e269000 	D:\androidstudio\jre\bin\jli.dll
0x00007ffd14790000 - 0x00007ffd14930000 	C:\WINDOWS\System32\USER32.dll
0x00007ffcff360000 - 0x00007ffcff5fa000 	C:\WINDOWS\WinSxS\amd64_microsoft.windows.common-controls_6595b64144ccf1df_6.0.19041.1110_none_60b5254171f9507e\COMCTL32.dll
0x00007ffd12d40000 - 0x00007ffd12d62000 	C:\WINDOWS\System32\win32u.dll
0x00007ffd14930000 - 0x00007ffd149ce000 	C:\WINDOWS\System32\msvcrt.dll
0x00007ffd139e0000 - 0x00007ffd13a0b000 	C:\WINDOWS\System32\GDI32.dll
0x00007ffd13130000 - 0x00007ffd1323d000 	C:\WINDOWS\System32\gdi32full.dll
0x00007ffd13530000 - 0x00007ffd135cd000 	C:\WINDOWS\System32\msvcp_win.dll
0x00007ffd13800000 - 0x00007ffd13830000 	C:\WINDOWS\System32\IMM32.DLL
0x00007ffce9c70000 - 0x00007ffce9d0d000 	D:\androidstudio\jre\bin\msvcp140.dll
0x00007ffcb1410000 - 0x00007ffcb1edf000 	D:\androidstudio\jre\bin\server\jvm.dll
0x00007ffd15540000 - 0x00007ffd155ee000 	C:\WINDOWS\System32\ADVAPI32.dll
0x00007ffd153e0000 - 0x00007ffd1547c000 	C:\WINDOWS\System32\sechost.dll
0x00007ffd138b0000 - 0x00007ffd139d5000 	C:\WINDOWS\System32\RPCRT4.dll
0x00007ffd13830000 - 0x00007ffd13838000 	C:\WINDOWS\System32\PSAPI.DLL
0x00007ffd11050000 - 0x00007ffd11059000 	C:\WINDOWS\SYSTEM32\WSOCK32.dll
0x00007ffd13a70000 - 0x00007ffd13adb000 	C:\WINDOWS\System32\WS2_32.dll
0x00007ffcf5050000 - 0x00007ffcf5077000 	C:\WINDOWS\SYSTEM32\WINMM.dll
0x00007ffd11030000 - 0x00007ffd1103a000 	C:\WINDOWS\SYSTEM32\VERSION.dll
0x00007ffd115b0000 - 0x00007ffd115c2000 	C:\WINDOWS\SYSTEM32\kernel.appcore.dll
0x00007ffd0d620000 - 0x00007ffd0d631000 	D:\androidstudio\jre\bin\verify.dll
0x00007ffd11250000 - 0x00007ffd11434000 	C:\WINDOWS\SYSTEM32\DBGHELP.DLL
0x00007ffcfa750000 - 0x00007ffcfa77c000 	C:\WINDOWS\SYSTEM32\dbgcore.DLL
0x00007ffd134a0000 - 0x00007ffd13522000 	C:\WINDOWS\System32\bcryptPrimitives.dll
0x00007ffcf39e0000 - 0x00007ffcf3a09000 	D:\androidstudio\jre\bin\java.dll
0x00007ffd11040000 - 0x00007ffd1104b000 	D:\androidstudio\jre\bin\jimage.dll
0x00007ffcff9c0000 - 0x00007ffcff9d8000 	D:\androidstudio\jre\bin\zip.dll
0x00007ffd14040000 - 0x00007ffd14784000 	C:\WINDOWS\System32\SHELL32.dll
0x00007ffd10700000 - 0x00007ffd10e94000 	C:\WINDOWS\SYSTEM32\windows.storage.dll
0x00007ffd149d0000 - 0x00007ffd14d25000 	C:\WINDOWS\System32\combase.dll
0x00007ffd12790000 - 0x00007ffd127be000 	C:\WINDOWS\SYSTEM32\Wldp.dll
0x00007ffd15180000 - 0x00007ffd1522d000 	C:\WINDOWS\System32\SHCORE.dll
0x00007ffd13a10000 - 0x00007ffd13a65000 	C:\WINDOWS\System32\shlwapi.dll
0x00007ffd12c80000 - 0x00007ffd12c9f000 	C:\WINDOWS\SYSTEM32\profapi.dll
0x00007ffcf39c0000 - 0x00007ffcf39da000 	D:\androidstudio\jre\bin\net.dll
0x00007ffd00e90000 - 0x00007ffd00f9c000 	C:\WINDOWS\SYSTEM32\WINHTTP.dll
0x00007ffd124f0000 - 0x00007ffd1255a000 	C:\WINDOWS\system32\mswsock.dll
0x00007ffcf3530000 - 0x00007ffcf3544000 	D:\androidstudio\jre\bin\nio.dll
0x00007ffceb230000 - 0x00007ffceb256000 	C:\Users\elgen\.gradle\native\fdc75f09e3144964f2cf3f50f0aa648679c211496f362492102eb8c894070792\windows-amd64\native-platform.dll
0x00007ffca9040000 - 0x00007ffca91d1000 	C:\Users\elgen\.gradle\native\12488b8bf47d2d4c9fbf2f6322a914ad602e24e48041cd04a747c6da556b65c4\windows-amd64\native-platform-file-events.dll
0x00007ffd0d610000 - 0x00007ffd0d61a000 	D:\androidstudio\jre\bin\management.dll
0x00007ffd0c320000 - 0x00007ffd0c32c000 	D:\androidstudio\jre\bin\management_ext.dll
0x00007ffd126e0000 - 0x00007ffd126f8000 	C:\WINDOWS\SYSTEM32\CRYPTSP.dll
0x00007ffd11e00000 - 0x00007ffd11e34000 	C:\WINDOWS\system32\rsaenh.dll
0x00007ffd12de0000 - 0x00007ffd12e07000 	C:\WINDOWS\System32\bcrypt.dll
0x00007ffd12c00000 - 0x00007ffd12c2e000 	C:\WINDOWS\SYSTEM32\USERENV.dll
0x00007ffd12700000 - 0x00007ffd1270c000 	C:\WINDOWS\SYSTEM32\CRYPTBASE.dll
0x00007ffd12190000 - 0x00007ffd121cb000 	C:\WINDOWS\SYSTEM32\IPHLPAPI.DLL
0x00007ffd13840000 - 0x00007ffd13848000 	C:\WINDOWS\System32\NSI.dll
0x00007ffd07320000 - 0x00007ffd07337000 	C:\WINDOWS\SYSTEM32\dhcpcsvc6.DLL
0x00007ffd07430000 - 0x00007ffd0744d000 	C:\WINDOWS\SYSTEM32\dhcpcsvc.DLL
0x00007ffd121e0000 - 0x00007ffd122ab000 	C:\WINDOWS\SYSTEM32\DNSAPI.dll
0x00007ffd08d10000 - 0x00007ffd08d1b000 	C:\WINDOWS\SYSTEM32\WINNSI.DLL

dbghelp: loaded successfully - version: 4.0.5 - missing functions: none
symbol engine: initialized successfully - sym options: 0x614 - pdb path: .;D:\androidstudio\jre\bin;C:\WINDOWS\SYSTEM32;C:\WINDOWS\WinSxS\amd64_microsoft.windows.common-controls_6595b64144ccf1df_6.0.19041.1110_none_60b5254171f9507e;D:\androidstudio\jre\bin\server;C:\Users\elgen\.gradle\native\fdc75f09e3144964f2cf3f50f0aa648679c211496f362492102eb8c894070792\windows-amd64;C:\Users\elgen\.gradle\native\12488b8bf47d2d4c9fbf2f6322a914ad602e24e48041cd04a747c6da556b65c4\windows-amd64

VM Arguments:
jvm_args: --add-opens=java.base/java.util=ALL-UNNAMED --add-opens=java.base/java.lang=ALL-UNNAMED --add-opens=java.base/java.lang.invoke=ALL-UNNAMED --add-opens=java.prefs/java.util.prefs=ALL-UNNAMED -Xmx1536M -Dfile.encoding=windows-1252 -Duser.country=US -Duser.language=en -Duser.variant 
java_command: org.gradle.launcher.daemon.bootstrap.GradleDaemon 6.7
java_class_path (initial): C:\Users\elgen\.gradle\wrapper\dists\gradle-6.7-all\cuy9mc7upwgwgeb72wkcrupxe\gradle-6.7\lib\gradle-launcher-6.7.jar
Launcher Type: SUN_STANDARD

[Global flags]
     intx CICompilerCount                          = 3                                         {product} {ergonomic}
     uint ConcGCThreads                            = 1                                         {product} {ergonomic}
     uint G1ConcRefinementThreads                  = 4                                         {product} {ergonomic}
   size_t G1HeapRegionSize                         = 1048576                                   {product} {ergonomic}
    uintx GCDrainStackTargetSize                   = 64                                        {product} {ergonomic}
   size_t InitialHeapSize                          = 132120576                                 {product} {ergonomic}
   size_t MarkStackSize                            = 4194304                                   {product} {ergonomic}
   size_t MaxHeapSize                              = 1610612736                                {product} {command line}
   size_t MaxNewSize                               = 965738496                                 {product} {ergonomic}
   size_t MinHeapDeltaBytes                        = 1048576                                   {product} {ergonomic}
    uintx NonNMethodCodeHeapSize                   = 5830732                                {pd product} {ergonomic}
    uintx NonProfiledCodeHeapSize                  = 122913754                              {pd product} {ergonomic}
    uintx ProfiledCodeHeapSize                     = 122913754                              {pd product} {ergonomic}
    uintx ReservedCodeCacheSize                    = 251658240                              {pd product} {ergonomic}
     bool SegmentedCodeCache                       = true                                      {product} {ergonomic}
     bool UseCompressedClassPointers               = true                                 {lp64_product} {ergonomic}
     bool UseCompressedOops                        = true                                 {lp64_product} {ergonomic}
     bool UseG1GC                                  = true                                      {product} {ergonomic}
     bool UseLargePagesIndividualAllocation        = false                                  {pd product} {ergonomic}

Logging:
Log output configuration:
 #0: stdout all=warning uptime,level,tags
 #1: stderr all=off uptime,level,tags

Environment Variables:
JAVA_HOME=D:\androidstudio\jre
CLASSPATH=E:\client_application\android\\gradle\wrapper\gradle-wrapper.jar
PATH=C:\Program Files (x86)\Common Files\Oracle\Java\javapath;C:\WINDOWS\system32;C:\WINDOWS;C:\WINDOWS\System32\Wbem;C:\WINDOWS\System32\WindowsPowerShell\v1.0\;C:\WINDOWS\System32\OpenSSH\;C:\Program Files\Microsoft SQL Server\150\Tools\Binn\;C:\Program Files\Microsoft SQL Server\Client SDK\ODBC\170\Tools\Binn\;C:\Program Files\dotnet\;C:\Program Files\Git\cmd;C:\Users\elgen\AppData\Local\Microsoft\WindowsApps;C:\Users\elgen\.dotnet\tools;C:\src\flutter\bin;
USERNAME=elgen
OS=Windows_NT
PROCESSOR_IDENTIFIER=Intel64 Family 6 Model 142 Stepping 9, GenuineIntel



---------------  S Y S T E M  ---------------

OS: Windows 10 , 64 bit Build 19041 (10.0.19041.1503)
OS uptime: 0 days 0:24 hours

CPU:total 4 (initial active 4) (2 cores per cpu, 2 threads per core) family 6 model 142 stepping 9 microcode 0xb4, cmov, cx8, fxsr, mmx, sse, sse2, sse3, ssse3, sse4.1, sse4.2, popcnt, avx, avx2, aes, clmul, erms, 3dnowpref, lzcnt, ht, tsc, tscinvbit, bmi1, bmi2, adx, fma

Memory: 4k page, system-wide physical 8025M (116M free)
TotalPageFile size 11948M (AvailPageFile size 2M)
current process WorkingSet (physical memory assigned to process): 344M, peak: 381M
current process commit charge ("private bytes"): 391M, peak: 419M

vm_info: OpenJDK 64-Bit Server VM (11.0.10+0-b96-7249189) for windows-amd64 JRE (11.0.10+0-b96-7249189), built on Mar 31 2021 21:44:00 by "builder" with MS VC++ 14.0 (VS2015)

END.
